<?xml version="1.0" encoding="UTF-8"?>
<!-- Generated by org.testng.reporters.JUnitXMLReporter -->
<testsuite ignored="0" hostname="LAPTOP-GN9Q3VSO" failures="1" tests="1" name="Firefox Test" time="11.659" errors="0" timestamp="2026-03-31T15:25:29 GST">
  <testcase classname="sevenmartsuppermarkettestscript.AdminUserTest" name="adminUser" time="2.21">
    <failure type="java.lang.NullPointerException" message="Cannot invoke &amp;quot;sevenmartsuppertmarketpages.HomePage.clickAdminUserMoreInfo()&amp;quot; because &amp;quot;this.home&amp;quot; is null">
      <![CDATA[java.lang.NullPointerException: Cannot invoke "sevenmartsuppertmarketpages.HomePage.clickAdminUserMoreInfo()" because "this.home" is null
at sevenmartsuppermarkettestscript.AdminUserTest.adminUser(AdminUserTest.java:28)
at java.base/java.util.ArrayList.forEach(ArrayList.java:1511)
at java.base/java.util.concurrent.FutureTask.run(FutureTask.java:264)
at java.base/java.util.concurrent.ThreadPoolExecutor.runWorker(ThreadPoolExecutor.java:1136)
at java.base/java.util.concurrent.ThreadPoolExecutor$Worker.run(ThreadPoolExecutor.java:635)
at java.base/java.lang.Thread.run(Thread.java:842)
... Removed 17 stack frames]]>
    </failure>
  </testcase> <!-- adminUser -->
</testsuite> <!-- Firefox Test -->
