<?xml version="1.0" encoding="UTF-8"?>
<!-- Generated by org.testng.reporters.JUnitXMLReporter -->
<testsuite ignored="0" hostname="LAPTOP-GN9Q3VSO" failures="2" tests="2" name="Chrome Test" time="38.778" errors="0" timestamp="2026-03-30T14:48:57 GST">
  <testcase classname="sevenmartsuppermarkettestscript.ManageCategoryTest" name="verifyUserIsAbleToAddFilesOnmanageCategory" time="4.926">
    <failure type="java.lang.NullPointerException" message="Cannot invoke &amp;quot;utilities.PageUtility.enterText(org.openqa.selenium.WebElement, String)&amp;quot; because &amp;quot;this.pageUtilityObject&amp;quot; is null">
      <![CDATA[java.lang.NullPointerException: Cannot invoke "utilities.PageUtility.enterText(org.openqa.selenium.WebElement, String)" because "this.pageUtilityObject" is null
at sevenmartsuppertmarketpages.ManageCategoryPage.sendKeyCategory(ManageCategoryPage.java:60)
at sevenmartsuppermarkettestscript.ManageCategoryTest.verifyUserIsAbleToAddFilesOnmanageCategory(ManageCategoryTest.java:36)
at java.base/java.util.concurrent.Executors$RunnableAdapter.call(Executors.java:572)
at java.base/java.util.concurrent.FutureTask.run(FutureTask.java:317)
at java.base/java.util.concurrent.ThreadPoolExecutor.runWorker(ThreadPoolExecutor.java:1144)
at java.base/java.util.concurrent.ThreadPoolExecutor$Worker.run(ThreadPoolExecutor.java:642)
at java.base/java.lang.Thread.run(Thread.java:1583)
... Removed 11 stack frames]]>
    </failure>
  </testcase> <!-- verifyUserIsAbleToAddFilesOnmanageCategory -->
  <testcase classname="sevenmartsuppermarkettestscript.AdminUserTest" name="adminUser" time="1.936">
    <failure type="java.lang.NullPointerException" message="Cannot invoke &amp;quot;utilities.PageUtility.enterText(org.openqa.selenium.WebElement, String)&amp;quot; because &amp;quot;this.pageUtilityObject&amp;quot; is null">
      <![CDATA[java.lang.NullPointerException: Cannot invoke "utilities.PageUtility.enterText(org.openqa.selenium.WebElement, String)" because "this.pageUtilityObject" is null
at sevenmartsuppertmarketpages.AdminUserPage.enterUserName(AdminUserPage.java:57)
at sevenmartsuppermarkettestscript.AdminUserTest.adminUser(AdminUserTest.java:49)
at java.base/java.util.concurrent.Executors$RunnableAdapter.call(Executors.java:572)
at java.base/java.util.concurrent.FutureTask.run(FutureTask.java:317)
at java.base/java.util.concurrent.ThreadPoolExecutor.runWorker(ThreadPoolExecutor.java:1144)
at java.base/java.util.concurrent.ThreadPoolExecutor$Worker.run(ThreadPoolExecutor.java:642)
at java.base/java.lang.Thread.run(Thread.java:1583)
... Removed 11 stack frames]]>
    </failure>
  </testcase> <!-- adminUser -->
</testsuite> <!-- Chrome Test -->
