<?xml version="1.0" encoding="UTF-8"?>
<testng-results ignored="0" total="1" passed="1" failed="0" skipped="0">
  <reporter-output>
  </reporter-output>
  <suite started-at="2026-04-24T18:04:37 GST" name="Suite" finished-at="2026-04-24T18:04:46 GST" duration-ms="8912">
    <groups>
    </groups>
    <test started-at="2026-04-24T18:04:37 GST" name="Chrome Test" finished-at="2026-04-24T18:04:46 GST" duration-ms="8912">
      <class name="sevenmartsuppermarkettestscript.ManageContactTest">
        <test-method is-config="true" signature="beforeMethod(java.lang.String)[pri:0, instance:sevenmartsuppermarkettestscript.ManageContactTest@58e1d9d]" started-at="2026-04-24T18:04:37 GST" name="beforeMethod" finished-at="2026-04-24T18:04:40 GST" duration-ms="2842" status="PASS">
          <params>
            <param index="0">
              <value>
                <![CDATA[Chrome]]>
              </value>
            </param>
          </params>
          <reporter-output>
          </reporter-output>
        </test-method> <!-- beforeMethod -->
        <test-method signature="verifyUserIsAbleToContactDetailsSuccessfully()[pri:0, instance:sevenmartsuppermarkettestscript.ManageContactTest@58e1d9d]" started-at="2026-04-24T18:04:40 GST" name="verifyUserIsAbleToContactDetailsSuccessfully" finished-at="2026-04-24T18:04:46 GST" duration-ms="6015" status="PASS">
          <reporter-output>
          </reporter-output>
        </test-method> <!-- verifyUserIsAbleToContactDetailsSuccessfully -->
        <test-method is-config="true" signature="afterMethod(org.testng.ITestResult)[pri:0, instance:sevenmartsuppermarkettestscript.ManageContactTest@58e1d9d]" started-at="2026-04-24T18:04:46 GST" name="afterMethod" finished-at="2026-04-24T18:04:46 GST" duration-ms="3" status="PASS">
          <params>
            <param index="0">
              <value>
                <![CDATA[[TestResult name=verifyUserIsAbleToContactDetailsSuccessfully status=SUCCESS method=ManageContactTest.verifyUserIsAbleToContactDetailsSuccessfully()[pri:0, instance:sevenmartsuppermarkettestscript.ManageContactTest@58e1d9d] output={null}]]]>
              </value>
            </param>
          </params>
          <reporter-output>
          </reporter-output>
        </test-method> <!-- afterMethod -->
      </class> <!-- sevenmartsuppermarkettestscript.ManageContactTest -->
    </test> <!-- Chrome Test -->
  </suite> <!-- Suite -->
</testng-results>
