<?xml version="1.0" encoding="UTF-8"?>
<!-- Generated by org.testng.reporters.JUnitXMLReporter -->
<testsuite ignored="0" hostname="LAPTOP-GN9Q3VSO" failures="0" tests="6" name="Test1" time="0.171" errors="0" timestamp="2026-03-31T10:05:52 GST">
  <testcase classname="sevenmartsuppermarkettestscript.Base" name="@BeforeMethod beforeMethod" time="-1.77493715199E9">
    <failure type="org.testng.TestNGException" message="
Parameter &amp;apos;browser&amp;apos; is required by BeforeMethod on method beforeMethod but has not been marked @Optional or defined
in C:\Users\Tonney Sara\Desktop\new workspace\AutomationTesting\extendReport.xml">
      <![CDATA[org.testng.TestNGException: 
Parameter 'browser' is required by BeforeMethod on method beforeMethod but has not been marked @Optional or defined
in C:\Users\Tonney Sara\Desktop\new workspace\AutomationTesting\extendReport.xml
at java.base/java.util.ArrayList.forEach(ArrayList.java:1511)
... Removed 28 stack frames]]>
    </failure>
  </testcase> <!-- @BeforeMethod beforeMethod -->
  <testcase classname="sevenmartsuppermarkettestscript.Base" name="@BeforeMethod beforeMethod" time="-1.774937152048E9">
    <failure type="org.testng.TestNGException" message="
Parameter &amp;apos;browser&amp;apos; is required by BeforeMethod on method beforeMethod but has not been marked @Optional or defined
in C:\Users\Tonney Sara\Desktop\new workspace\AutomationTesting\extendReport.xml">
      <![CDATA[org.testng.TestNGException: 
Parameter 'browser' is required by BeforeMethod on method beforeMethod but has not been marked @Optional or defined
in C:\Users\Tonney Sara\Desktop\new workspace\AutomationTesting\extendReport.xml
at java.base/java.util.ArrayList.forEach(ArrayList.java:1511)
... Removed 28 stack frames]]>
    </failure>
  </testcase> <!-- @BeforeMethod beforeMethod -->
  <testcase classname="sevenmartsuppermarkettestscript.Base" name="@BeforeMethod beforeMethod" time="-1.774937152058E9">
    <failure type="org.testng.TestNGException" message="
Parameter &amp;apos;browser&amp;apos; is required by BeforeMethod on method beforeMethod but has not been marked @Optional or defined
in C:\Users\Tonney Sara\Desktop\new workspace\AutomationTesting\extendReport.xml">
      <![CDATA[org.testng.TestNGException: 
Parameter 'browser' is required by BeforeMethod on method beforeMethod but has not been marked @Optional or defined
in C:\Users\Tonney Sara\Desktop\new workspace\AutomationTesting\extendReport.xml
at java.base/java.util.ArrayList.forEach(ArrayList.java:1511)
... Removed 28 stack frames]]>
    </failure>
  </testcase> <!-- @BeforeMethod beforeMethod -->
  <testcase classname="sevenmartsuppermarkettestscript.Base" name="@BeforeMethod beforeMethod" time="-1.774937152073E9">
    <failure type="org.testng.TestNGException" message="
Parameter &amp;apos;browser&amp;apos; is required by BeforeMethod on method beforeMethod but has not been marked @Optional or defined
in C:\Users\Tonney Sara\Desktop\new workspace\AutomationTesting\extendReport.xml">
      <![CDATA[org.testng.TestNGException: 
Parameter 'browser' is required by BeforeMethod on method beforeMethod but has not been marked @Optional or defined
in C:\Users\Tonney Sara\Desktop\new workspace\AutomationTesting\extendReport.xml
at java.base/java.util.ArrayList.forEach(ArrayList.java:1511)
... Removed 28 stack frames]]>
    </failure>
  </testcase> <!-- @BeforeMethod beforeMethod -->
  <testcase classname="sevenmartsuppermarkettestscript.Base" name="@BeforeMethod beforeMethod" time="-1.774937152088E9">
    <failure type="org.testng.TestNGException" message="
Parameter &amp;apos;browser&amp;apos; is required by BeforeMethod on method beforeMethod but has not been marked @Optional or defined
in C:\Users\Tonney Sara\Desktop\new workspace\AutomationTesting\extendReport.xml">
      <![CDATA[org.testng.TestNGException: 
Parameter 'browser' is required by BeforeMethod on method beforeMethod but has not been marked @Optional or defined
in C:\Users\Tonney Sara\Desktop\new workspace\AutomationTesting\extendReport.xml
at java.base/java.util.ArrayList.forEach(ArrayList.java:1511)
... Removed 28 stack frames]]>
    </failure>
  </testcase> <!-- @BeforeMethod beforeMethod -->
  <testcase classname="sevenmartsuppermarkettestscript.Base" name="@BeforeMethod beforeMethod" time="-1.774937152104E9">
    <failure type="org.testng.TestNGException" message="
Parameter &amp;apos;browser&amp;apos; is required by BeforeMethod on method beforeMethod but has not been marked @Optional or defined
in C:\Users\Tonney Sara\Desktop\new workspace\AutomationTesting\extendReport.xml">
      <![CDATA[org.testng.TestNGException: 
Parameter 'browser' is required by BeforeMethod on method beforeMethod but has not been marked @Optional or defined
in C:\Users\Tonney Sara\Desktop\new workspace\AutomationTesting\extendReport.xml
at java.base/java.util.ArrayList.forEach(ArrayList.java:1511)
... Removed 28 stack frames]]>
    </failure>
  </testcase> <!-- @BeforeMethod beforeMethod -->
  <testcase classname="sevenmartsuppermarkettestscript.Login7martTest" name="dataProviderUserNameAndPassword" time="0.0">
    <skipped/>
  </testcase> <!-- dataProviderUserNameAndPassword -->
  <testcase classname="sevenmartsuppermarkettestscript.Login7martTest" name="dataProviderUserNameAndPassword" time="0.0">
    <skipped/>
  </testcase> <!-- dataProviderUserNameAndPassword -->
  <testcase classname="sevenmartsuppermarkettestscript.Login7martTest" name="dataProviderUserNameAndPassword" time="0.0">
    <skipped/>
  </testcase> <!-- dataProviderUserNameAndPassword -->
  <testcase classname="sevenmartsuppermarkettestscript.Login7martTest" name="dataProviderUserNameAndPassword" time="0.0">
    <skipped/>
  </testcase> <!-- dataProviderUserNameAndPassword -->
  <testcase classname="sevenmartsuppermarkettestscript.Login7martTest" name="validUserNameAndValidPassWord" time="0.0">
    <skipped/>
  </testcase> <!-- validUserNameAndValidPassWord -->
  <testcase classname="sevenmartsuppermarkettestscript.Login7martTest" name="verifyIncorrectUserNameAndCorrectPassword" time="0.0">
    <skipped/>
  </testcase> <!-- verifyIncorrectUserNameAndCorrectPassword -->
</testsuite> <!-- Test1 -->
