<?xml version="1.0" encoding="UTF-8"?>
<!-- Generated by org.testng.reporters.JUnitXMLReporter -->
<testsuite ignored="0" hostname="LAPTOP-GN9Q3VSO" failures="0" tests="7" name="Test" time="51.084" errors="0" timestamp="2026-03-29T22:44:14 GST">
  <testcase classname="demo.LoginPageTest" name="verifyCorrectUserNameAndIncorrectPassword" time="0.517"/>
  <testcase classname="demo.LoginPageTest" name="verifyIncorrectUserNameAndCorrectPassword" time="0.283"/>
  <testcase classname="demo.LoginPageTest" name="verifyIncorrectUserNameAndIncorrectPassword" time="0.454"/>
  <testcase classname="demo.LoginPageTest" name="verifyIncorrectUserNameAndIncorrectPassword" time="0.364"/>
  <testcase classname="demo.LoginPageTest" name="verifyIncorrectUserNameAndIncorrectPassword" time="0.347"/>
  <testcase classname="demo.LoginPageTest" name="verifyIncorrectUserNameAndIncorrectPassword" time="0.325"/>
  <testcase classname="demo.LoginPageTest" name="verifyValidCredentials" time="0.533"/>
</testsuite> <!-- Test -->
