<?xml version="1.0" encoding="UTF-8"?>
<!-- Generated by org.testng.reporters.JUnitReportReporter -->
<testsuite hostname="LAPTOP-GN9Q3VSO" failures="0" tests="6" name="sevenMartSupperMarket.Login7martTest" time="20.055" errors="0" timestamp="2026-03-12T18:49:39 GST" skipped="0">
  <testcase classname="sevenMartSupperMarket.Login7martTest" name="validUserNameAndValidPassWord" time="4.184"/>
  <testcase classname="sevenMartSupperMarket.Login7martTest" name="dataProviderUserNameAndPassword" time="3.985"/>
  <testcase classname="sevenMartSupperMarket.Login7martTest" name="dataProviderUserNameAndPassword" time="3.196"/>
  <testcase classname="sevenMartSupperMarket.Login7martTest" name="dataProviderUserNameAndPassword" time="2.859"/>
  <testcase classname="sevenMartSupperMarket.Login7martTest" name="dataProviderUserNameAndPassword" time="3.463"/>
  <testcase classname="sevenMartSupperMarket.Login7martTest" name="logOutProfile" time="2.368"/>
</testsuite> <!-- sevenMartSupperMarket.Login7martTest -->
