<?xml version="1.0" encoding="UTF-8"?>
<!-- Generated by org.testng.reporters.JUnitReportReporter -->
<testsuite hostname="LAPTOP-GN9Q3VSO" failures="0" tests="1" name="sevenmartsuppermarkettestscript.ManageContactTest" time="8.860" errors="0" timestamp="2026-04-24T18:04:47 GST" skipped="0">
  <testcase classname="sevenmartsuppermarkettestscript.ManageContactTest" name="verifyUserIsAbleToContactDetailsSuccessfully" time="8.860"/>
</testsuite> <!-- sevenmartsuppermarkettestscript.ManageContactTest -->
