<?xml version="1.0" encoding="UTF-8"?>
<!-- Generated by org.testng.reporters.JUnitReportReporter -->
<testsuite hostname="LAPTOP-GN9Q3VSO" failures="0" tests="6" name="sevenmartsuppermarkettestscript.Login7martTest" time="14.315" errors="1" timestamp="2026-04-24T15:35:05 GST" skipped="0">
  <testcase classname="sevenmartsuppermarkettestscript.Login7martTest" name="dataProviderUserNameAndPassword" time="2.461"/>
  <testcase classname="sevenmartsuppermarkettestscript.Login7martTest" name="validUserNameAndValidPassWord" time="4.184"/>
  <testcase classname="sevenmartsuppermarkettestscript.Login7martTest" name="dataProviderUserNameAndPassword" time="2.394"/>
  <testcase classname="sevenmartsuppermarkettestscript.Login7martTest" name="dataProviderUserNameAndPassword" time="2.451"/>
  <testcase classname="sevenmartsuppermarkettestscript.Login7martTest" name="dataProviderUserNameAndPassword" time="2.825"/>
  <testcase classname="sevenmartsuppermarkettestscript.Login7martTest" name="verifyIncorrectUserNameAndCorrectPassword" time="0.000">
    <error message="
Parameter &#039;username&#039; is required by @Test on method verifyIncorrectUserNameAndCorrectPassword but has not been marked @Optional or defined
in C:\Users\Tonney Sara\Desktop\new workspace\AutomationTesting\sample.xml" type="org.testng.TestNGException">
      <![CDATA[org.testng.TestNGException: 
Parameter 'username' is required by @Test on method verifyIncorrectUserNameAndCorrectPassword but has not been marked @Optional or defined
in C:\Users\Tonney Sara\Desktop\new workspace\AutomationTesting\sample.xml
at org.testng.internal.Parameters.createParams(Parameters.java:264)
at org.testng.internal.Parameters.createParametersForMethod(Parameters.java:352)
at org.testng.internal.Parameters.createParameters(Parameters.java:690)
at org.testng.internal.Parameters.handleParameters(Parameters.java:885)
at org.testng.internal.Parameters.handleParameters(Parameters.java:734)
at org.testng.internal.invokers.ParameterHandler.handleParameters(ParameterHandler.java:72)
at org.testng.internal.invokers.ParameterHandler.createParameters(ParameterHandler.java:51)
at org.testng.internal.invokers.TestInvoker$MethodInvocationAgent.invoke(TestInvoker.java:946)
at org.testng.internal.invokers.TestInvoker.invokeTestMethods(TestInvoker.java:203)
at org.testng.internal.invokers.TestMethodWorker.invokeTestMethods(TestMethodWorker.java:154)
at org.testng.internal.invokers.TestMethodWorker.run(TestMethodWorker.java:134)
at java.base/java.util.ArrayList.forEach(ArrayList.java:1511)
at org.testng.TestRunner.privateRun(TestRunner.java:739)
at org.testng.TestRunner.run(TestRunner.java:614)
at org.testng.SuiteRunner.runTest(SuiteRunner.java:421)
at org.testng.SuiteRunner.runSequentially(SuiteRunner.java:413)
at org.testng.SuiteRunner.privateRun(SuiteRunner.java:373)
at org.testng.SuiteRunner.run(SuiteRunner.java:312)
at org.testng.SuiteRunnerWorker.runSuite(SuiteRunnerWorker.java:52)
at org.testng.SuiteRunnerWorker.run(SuiteRunnerWorker.java:95)
at org.testng.TestNG.runSuitesSequentially(TestNG.java:1274)
at org.testng.TestNG.runSuitesLocally(TestNG.java:1208)
at org.testng.TestNG.runSuites(TestNG.java:1112)
at org.testng.TestNG.run(TestNG.java:1079)
at org.testng.remote.AbstractRemoteTestNG.run(AbstractRemoteTestNG.java:115)
at org.testng.remote.RemoteTestNG.initAndRun(RemoteTestNG.java:293)
at org.testng.remote.RemoteTestNG.main(RemoteTestNG.java:91)
]]>
    </error>
  </testcase> <!-- verifyIncorrectUserNameAndCorrectPassword -->
</testsuite> <!-- sevenmartsuppermarkettestscript.Login7martTest -->
