<?xml version="1.0" encoding="UTF-8"?>
<!-- Generated by org.testng.reporters.JUnitReportReporter -->
<testsuite hostname="LAPTOP-GN9Q3VSO" failures="0" tests="7" name="demo.LoginPageTest" time="50.993" errors="0" timestamp="2026-03-29T22:44:14 GST" skipped="0">
  <testcase classname="demo.LoginPageTest" name="verifyIncorrectUserNameAndIncorrectPassword" time="6.086"/>
  <testcase classname="demo.LoginPageTest" name="verifyValidCredentials" time="4.583"/>
  <testcase classname="demo.LoginPageTest" name="verifyCorrectUserNameAndIncorrectPassword" time="4.457"/>
  <testcase classname="demo.LoginPageTest" name="verifyIncorrectUserNameAndIncorrectPassword" time="10.257"/>
  <testcase classname="demo.LoginPageTest" name="verifyIncorrectUserNameAndCorrectPassword" time="14.939"/>
  <testcase classname="demo.LoginPageTest" name="verifyIncorrectUserNameAndIncorrectPassword" time="6.300"/>
  <testcase classname="demo.LoginPageTest" name="verifyIncorrectUserNameAndIncorrectPassword" time="4.371"/>
</testsuite> <!-- demo.LoginPageTest -->
