<?xml version="1.0" encoding="UTF-8"?>
<!-- Generated by org.testng.reporters.JUnitReportReporter -->
<testsuite hostname="LAPTOP-GN9Q3VSO" failures="0" tests="3" name="sevenmartsuppermarkettestscript.AdminUserTest" time="10.932" errors="0" timestamp="2026-04-24T15:33:36 GST" skipped="0">
  <testcase classname="sevenmartsuppermarkettestscript.AdminUserTest" name="verifyUserIsAbleToSearch" time="3.244"/>
  <testcase classname="sevenmartsuppermarkettestscript.AdminUserTest" name="verifyThatUserIsAbleToResetTheAdminUsers" time="2.926"/>
  <testcase classname="sevenmartsuppermarkettestscript.AdminUserTest" name="verifyUserIsAbleToAddAdminUser" time="4.762"/>
</testsuite> <!-- sevenmartsuppermarkettestscript.AdminUserTest -->
