<?xml version="1.0" encoding="UTF-8"?>
<!-- Generated by org.testng.reporters.JUnitXMLReporter -->
<testsuite ignored="1" hostname="LAPTOP-GN9Q3VSO" failures="0" tests="2" name="Chrome Test" time="0.105" errors="0" timestamp="2026-03-31T10:21:36 GST">
  <testcase classname="sevenmartsuppermarkettestscript.Base" name="@BeforeMethod beforeMethod" time="-1.774938096193E9">
    <failure type="org.testng.TestNGException" message="
Parameter &amp;apos;browser&amp;apos; is required by BeforeMethod on method beforeMethod but has not been marked @Optional or defined
in C:\Users\Tonney Sara\Desktop\new workspace\AutomationTesting\groups.xml">
      <![CDATA[org.testng.TestNGException: 
Parameter 'browser' is required by BeforeMethod on method beforeMethod but has not been marked @Optional or defined
in C:\Users\Tonney Sara\Desktop\new workspace\AutomationTesting\groups.xml
at java.base/java.util.ArrayList.forEach(ArrayList.java:1511)
... Removed 28 stack frames]]>
    </failure>
  </testcase> <!-- @BeforeMethod beforeMethod -->
  <testcase classname="sevenmartsuppermarkettestscript.Base" name="@BeforeMethod beforeMethod" time="-1.774938096236E9">
    <failure type="org.testng.TestNGException" message="
Parameter &amp;apos;browser&amp;apos; is required by BeforeMethod on method beforeMethod but has not been marked @Optional or defined
in C:\Users\Tonney Sara\Desktop\new workspace\AutomationTesting\groups.xml">
      <![CDATA[org.testng.TestNGException: 
Parameter 'browser' is required by BeforeMethod on method beforeMethod but has not been marked @Optional or defined
in C:\Users\Tonney Sara\Desktop\new workspace\AutomationTesting\groups.xml
at java.base/java.util.ArrayList.forEach(ArrayList.java:1511)
... Removed 28 stack frames]]>
    </failure>
  </testcase> <!-- @BeforeMethod beforeMethod -->
  <testcase classname="sevenmartsuppermarkettestscript.Login7martTest" name="validUserNameAndValidPassWord" time="0.0">
    <skipped/>
  </testcase> <!-- validUserNameAndValidPassWord -->
  <testcase classname="sevenmartsuppermarkettestscript.Login7martTest" name="verifyIncorrectUserNameAndCorrectPassword" time="0.0">
    <skipped/>
  </testcase> <!-- verifyIncorrectUserNameAndCorrectPassword -->
  <testcase classname="sevenmartsuppermarkettestscript.Login7martTest" name="dataProviderUserNameAndPassword" time="0.0">
    <ignored/>
  </testcase> <!-- dataProviderUserNameAndPassword -->
</testsuite> <!-- Chrome Test -->
